2021-03-09 20:12:09,569 - root - INFO - Flag Values:
{
    "L1_flag": true,
    "batch_size": 128,
    "ckpt_path": "/home/cwz/program/joint-kg-recommender/log/",
    "clipping_max_value": 5.0,
    "data_path": "/home/cwz/program/joint-kg-recommender/datasets/",
    "dataset": "dbbook2014",
    "early_stopping_steps_to_wait": 2500,
    "embedding_size": 100,
    "eval_interval_steps": 500,
    "eval_only_mode": false,
    "experiment_name": "dbbook2014-transup-1615291929",
    "filter_wrong_corrupted": true,
    "has_visualization": true,
    "is_report": false,
    "joint_ratio": 0.5,
    "kg_lambda": 1.0,
    "kg_test_files": null,
    "l2_lambda": 1e-05,
    "learning_rate": 0.005,
    "learning_rate_decay_when_no_progress": 0.5,
    "load_ckpt_file": null,
    "load_experiment_name": null,
    "log_level": "debug",
    "log_path": "/home/cwz/program/joint-kg-recommender/log/",
    "margin": 1.0,
    "max_queue": 10,
    "model_type": "transup",
    "momentum": 0.9,
    "negtive_samples": 1,
    "norm_lambda": 1.0,
    "num_preferences": 13,
    "num_processes": 4,
    "optimizer_type": "Adagrad",
    "rec_test_files": "valid.dat:test.dat",
    "seed": 3,
    "share_embeddings": false,
    "topn": 10,
    "training_steps": 50000,
    "use_st_gumbel": false,
    "visualization_port": 8097
}
2021-03-09 20:12:09,696 - root - INFO - Totally 48684 train ratings, 8322,8955 eval ratings in files: /home/cwz/program/joint-kg-recommender/datasets/dbbook2014/valid.dat;/home/cwz/program/joint-kg-recommender/datasets/dbbook2014/test.dat!
2021-03-09 20:12:09,702 - root - INFO - successfully load 5576 users and 2680 items!
2021-03-09 20:12:09,747 - root - INFO - Building model.
2021-03-09 20:12:14,128 - root - INFO - Architecture: TransUPModel(
  (user_embeddings): Embedding(5576, 100)
  (item_embeddings): Embedding(2680, 100)
  (pref_embeddings): Embedding(13, 100)
  (pref_norm_embeddings): Embedding(13, 100)
)
2021-03-09 20:12:14,128 - root - INFO - Total params: 828200.0
2021-03-09 20:12:14,128 - root - INFO - One epoch is 381 steps.
2021-03-09 20:12:14,129 - root - INFO - Training.
2021-03-09 20:12:14,129 - root - INFO - train loss:0.0000!
2021-03-09 20:12:27,353 - root - INFO - f1:0.0012, p:0.0007, r:0.0037, hit:0.0075, ndcg:0.0040, topn:10.
2021-03-09 20:12:43,403 - root - INFO - f1:0.0010, p:0.0006, r:0.0037, hit:0.0063, ndcg:0.0038, topn:10.
